Arguments: 
  /Users/mks/.nvm/versions/node/v14.15.5/bin/node /usr/local/Cellar/yarn/1.22.10/libexec/bin/yarn.js init

PATH: 
  /usr/local/opt/icu4c/sbin:/usr/local/opt/icu4c/bin:/Users/mks/.nvm/versions/node/v14.15.5/bin:/usr/local/opt/ruby/bin:/Users/mks/.rbenv/bin:/usr/local/opt/sqlite/bin:/usr/local/opt/icu4c/sbin:/usr/local/opt/icu4c/bin:/usr/local/bin:/usr/bin:/bin:/usr/sbin:/sbin:/Library/Apple/usr/bin:/usr/local/opt/icu4c/sbin:/usr/local/opt/icu4c/bin:/Users/mks/.nvm/versions/node/v14.15.5/bin:/usr/local/opt/ruby/bin:/Users/mks/.rbenv/bin:/usr/local/opt/sqlite/bin:/Users/mks/Library/Android/sdk/emulator:/Users/mks/Library/Android/sdk/tools:/Users/mks/Library/Android/sdk/tools/bin:/Users/mks/Library/Android/sdk/platform-tools:/Users/mks/Library/Android/sdk/emulator:/Users/mks/Library/Android/sdk/tools:/Users/mks/Library/Android/sdk/tools/bin:/Users/mks/Library/Android/sdk/platform-tools

Yarn version: 
  1.22.10

Node version: 
  14.15.5

Platform: 
  darwin x64

Trace: 
  Error: canceled
      at Interface.<anonymous> (/usr/local/Cellar/yarn/1.22.10/libexec/lib/cli.js:137009:13)
      at Interface.emit (events.js:315:20)
      at Interface._ttyWrite (readline.js:875:16)
      at ReadStream.onkeypress (readline.js:213:10)
      at ReadStream.emit (events.js:315:20)
      at emitKeys (internal/readline/utils.js:345:14)
      at emitKeys.next (<anonymous>)
      at ReadStream.onData (readline.js:1144:36)
      at ReadStream.emit (events.js:315:20)
      at addChunk (internal/streams/readable.js:309:12)

npm manifest: 
  No manifest

yarn manifest: 
  No manifest

Lockfile: 
  No lockfile
